[19:26:52][INFO]  AppInstaller demarre.
[19:27:05][INFO]  === Scan demarre ===
[19:27:05][INFO]  Recuperation de la liste winget...
[19:27:07][OK]    Google Chrome v147.0.7727.56 - installe [MAJ dispo]
[19:27:07][OK]    Mozilla Firefox v148.0.2 - installe [MAJ dispo]
[19:27:07][OK]    Microsoft Edge v146.0.3856.109 - installe [MAJ dispo]
[19:27:07][OK]    Microsoft 365 Apps for enterprise vwinget - installe
[19:27:07][OK]    7-Zip v26.00 - installe [MAJ dispo]
[19:27:07][OK]    Notepad++ v8.8.9 - installe [MAJ dispo]
[19:27:07][OK]    VLC Media Player v3.0.21 - installe [MAJ dispo]
[19:27:07][OK]    Visual Studio Code v1.115.0 - installe [MAJ dispo]
[19:27:07][OK]    Microsoft Teams v26072.519.4556.7438 - installe [MAJ dispo]
[19:27:07][OK]    TeamViewer (Full) v15.76.5 - installe [MAJ dispo]
[19:27:07][OK]    Microsoft Visual C++ Redistributable 2015-2022 vwinget - installe
[19:27:07][INFO]  === Scan termine ===
[19:28:02][INFO]  Desinstallation de 7-Zip...
[19:28:03][INFO]     - 
[19:28:03][INFO]     - 
[19:28:03][INFO]     \ 
[19:28:03][INFO]  Found 7-Zip 26.00 (x64) [7zip.7zip]
[19:28:03][INFO]  Starting package uninstall...
[19:28:04][INFO]     - 
[19:28:04][INFO]     \ 
[19:28:04][INFO]     | 
[19:28:05][INFO]     / 
[19:28:05][INFO]     - 
[19:28:05][INFO]     \ 
[19:28:05][INFO]  Successfully uninstalled
[19:28:05][OK]    7-Zip desinstalle.
[19:28:05][INFO]  === Scan demarre ===
[19:28:05][INFO]  Recuperation de la liste winget...
[19:28:07][OK]    Google Chrome v147.0.7727.56 - installe [MAJ dispo]
[19:28:07][OK]    Mozilla Firefox v148.0.2 - installe [MAJ dispo]
[19:28:07][OK]    Microsoft Edge v146.0.3856.109 - installe [MAJ dispo]
[19:28:07][OK]    Microsoft 365 Apps for enterprise vwinget - installe
[19:28:07][OK]    Notepad++ v8.8.9 - installe [MAJ dispo]
[19:28:07][OK]    VLC Media Player v3.0.21 - installe [MAJ dispo]
[19:28:07][OK]    Visual Studio Code v1.115.0 - installe [MAJ dispo]
[19:28:07][OK]    Microsoft Teams v26072.519.4556.7438 - installe [MAJ dispo]
[19:28:07][OK]    TeamViewer (Full) v15.76.5 - installe [MAJ dispo]
[19:28:07][OK]    Microsoft Visual C++ Redistributable 2015-2022 vwinget - installe
[19:28:07][INFO]  === Scan termine ===
[19:28:16][INFO]  === Debut installation (1 logiciels) ===
[19:28:16][INFO]  [1/1] Installation de 7-Zip...
[19:28:16][INFO]     - 
[19:28:17][INFO]     - 
[19:28:17][INFO]     \ 
[19:28:17][INFO]  Found 7-Zip [7zip.7zip] Version 26.00
[19:28:17][INFO]  This application is licensed to you by its owner.
[19:28:17][INFO]  Microsoft is not responsible for, nor does it grant any licenses to, third-party packages.
[19:28:17][INFO]  Downloading https://7-zip.org/a/7z2600-x64.exe
[19:28:18][INFO]     - 
[19:28:18][INFO]     \ 
[19:28:18][INFO]     | 
[19:28:18][INFO]     / 
[19:28:19][INFO]     - 
[19:28:19][INFO]     \ 
[19:28:19][INFO]     | 
[19:28:19][INFO]     / 
[19:28:19][INFO]    ██████████▒▒▒▒▒▒▒▒▒▒▒▒▒▒▒▒▒▒▒▒   592 KB / 1.57 MB
[19:28:19][INFO]    ██████████████████████████████  1.57 MB / 1.57 MB
[19:28:19][INFO]  Successfully verified installer hash
[19:28:20][INFO]  Starting package install...
[19:28:20][INFO]  The installer will request to run as administrator. Expect a prompt.
[19:28:20][INFO]     - 
[19:28:20][INFO]     \ 
[19:28:21][INFO]     | 
[19:28:21][INFO]     / 
[19:28:21][INFO]     - 
[19:28:21][INFO]     \ 
[19:28:22][INFO]     | 
[19:28:22][INFO]  Successfully installed
[19:28:22][OK]    7-Zip installe avec succes.
[19:28:22][INFO]  === Installation terminee ===
[19:28:22][INFO]  === Scan demarre ===
[19:28:22][INFO]  Recuperation de la liste winget...
[19:28:24][OK]    Google Chrome v147.0.7727.56 - installe [MAJ dispo]
[19:28:24][OK]    Mozilla Firefox v148.0.2 - installe [MAJ dispo]
[19:28:24][OK]    Microsoft Edge v146.0.3856.109 - installe [MAJ dispo]
[19:28:24][OK]    Microsoft 365 Apps for enterprise vwinget - installe
[19:28:24][OK]    7-Zip v26.00 - installe [MAJ dispo]
[19:28:24][OK]    Notepad++ v8.8.9 - installe [MAJ dispo]
[19:28:24][OK]    VLC Media Player v3.0.21 - installe [MAJ dispo]
[19:28:24][OK]    Visual Studio Code v1.115.0 - installe [MAJ dispo]
[19:28:24][OK]    Microsoft Teams v26072.519.4556.7438 - installe [MAJ dispo]
[19:28:24][OK]    TeamViewer (Full) v15.76.5 - installe [MAJ dispo]
[19:28:24][OK]    Microsoft Visual C++ Redistributable 2015-2022 vwinget - installe
[19:28:24][INFO]  === Scan termine ===
[19:41:05][INFO]  AppInstaller demarre.
[19:43:06][INFO]  AppInstaller demarre.
[19:45:44][INFO]  AppInstaller demarre.
[19:47:11][INFO]  AppInstaller demarre.
[19:48:05][INFO]  AppInstaller demarre.
[19:48:09][INFO]  === Scan demarre ===
[19:48:09][INFO]  Recuperation de la liste winget...
[19:48:11][OK]    Google Chrome v147.0.7727.56 - installe [MAJ dispo]
[19:48:11][OK]    Mozilla Firefox v148.0.2 - installe [MAJ dispo]
[19:48:11][OK]    Microsoft Edge v146.0.3856.109 - installe [MAJ dispo]
[19:48:11][OK]    Microsoft 365 Apps for enterprise vwinget - installe
[19:48:11][OK]    7-Zip v26.00 - installe [MAJ dispo]
[19:48:11][OK]    Notepad++ v8.8.9 - installe [MAJ dispo]
[19:48:11][OK]    VLC Media Player v3.0.21 - installe [MAJ dispo]
[19:48:11][OK]    Visual Studio Code v1.115.0 - installe [MAJ dispo]
[19:48:11][OK]    Microsoft Teams v26072.519.4556.7438 - installe [MAJ dispo]
[19:48:11][OK]    TeamViewer (Full) v15.76.5 - installe [MAJ dispo]
[19:48:11][OK]    Microsoft Visual C++ Redistributable 2015-2022 vwinget - installe
[19:48:11][INFO]  === Scan termine ===
[19:50:12][INFO]  AppInstaller demarre.
[19:50:14][INFO]  === Scan demarre ===
[19:50:14][INFO]  Recuperation de la liste winget...
[19:50:16][OK]    Google Chrome v147.0.7727.56 - installe [MAJ dispo]
[19:50:16][OK]    Mozilla Firefox v148.0.2 - installe [MAJ dispo]
[19:50:16][OK]    Microsoft Edge v146.0.3856.109 - installe [MAJ dispo]
[19:50:16][OK]    Microsoft 365 Apps for enterprise vwinget - installe
[19:50:16][OK]    7-Zip v26.00 - installe [MAJ dispo]
[19:50:16][OK]    Notepad++ v8.8.9 - installe [MAJ dispo]
[19:50:16][OK]    VLC Media Player v3.0.21 - installe [MAJ dispo]
[19:50:16][OK]    Visual Studio Code v1.115.0 - installe [MAJ dispo]
[19:50:16][OK]    Microsoft Teams v26072.519.4556.7438 - installe [MAJ dispo]
[19:50:16][OK]    TeamViewer (Full) v15.76.5 - installe [MAJ dispo]
[19:50:16][OK]    Microsoft Visual C++ Redistributable 2015-2022 vwinget - installe
[19:50:16][INFO]  === Scan termine ===
[19:50:28][INFO]  AppInstaller demarre.
[19:50:30][INFO]  === Scan demarre ===
[19:50:30][INFO]  Recuperation de la liste winget...
[19:50:32][OK]    Google Chrome v147.0.7727.56 - installe [MAJ dispo]
[19:50:32][OK]    Mozilla Firefox v148.0.2 - installe [MAJ dispo]
[19:50:32][OK]    Microsoft Edge v146.0.3856.109 - installe [MAJ dispo]
[19:50:32][OK]    Microsoft 365 Apps for enterprise vwinget - installe
[19:50:32][OK]    7-Zip v26.00 - installe [MAJ dispo]
[19:50:32][OK]    Notepad++ v8.8.9 - installe [MAJ dispo]
[19:50:32][OK]    VLC Media Player v3.0.21 - installe [MAJ dispo]
[19:50:32][OK]    Visual Studio Code v1.115.0 - installe [MAJ dispo]
[19:50:32][OK]    Microsoft Teams v26072.519.4556.7438 - installe [MAJ dispo]
[19:50:32][OK]    TeamViewer (Full) v15.76.5 - installe [MAJ dispo]
[19:50:32][OK]    Microsoft Visual C++ Redistributable 2015-2022 vwinget - installe
[19:50:32][INFO]  === Scan termine ===
[19:55:49][INFO]  AppInstaller demarre.
[19:55:51][INFO]  === Scan demarre ===
[19:55:51][INFO]  Recuperation de la liste winget...
[19:55:53][OK]    Google Chrome v147.0.7727.56 - installe [MAJ dispo]
[19:55:53][OK]    Mozilla Firefox v148.0.2 - installe [MAJ dispo]
[19:55:53][OK]    Microsoft Edge v146.0.3856.109 - installe [MAJ dispo]
[19:55:53][OK]    Microsoft 365 Apps for enterprise vwinget - installe
[19:55:53][OK]    7-Zip v26.00 - installe [MAJ dispo]
[19:55:53][OK]    Notepad++ v8.8.9 - installe [MAJ dispo]
[19:55:53][OK]    VLC Media Player v3.0.21 - installe [MAJ dispo]
[19:55:53][OK]    Visual Studio Code v1.115.0 - installe [MAJ dispo]
[19:55:53][OK]    Microsoft Teams v26072.519.4556.7438 - installe [MAJ dispo]
[19:55:53][OK]    TeamViewer (Full) v15.76.5 - installe [MAJ dispo]
[19:55:53][OK]    Microsoft Visual C++ Redistributable 2015-2022 vwinget - installe
[19:55:53][INFO]  === Scan termine ===
[19:56:37][INFO]  AppInstaller demarre.
[19:56:39][INFO]  === Scan demarre ===
[19:56:39][INFO]  Recuperation de la liste winget...
[19:56:41][OK]    Google Chrome v147.0.7727.56 - installe [MAJ dispo]
[19:56:41][OK]    Mozilla Firefox v148.0.2 - installe [MAJ dispo]
[19:56:41][OK]    Microsoft Edge v146.0.3856.109 - installe [MAJ dispo]
[19:56:41][OK]    Microsoft 365 Apps for enterprise vwinget - installe
[19:56:41][OK]    7-Zip v26.00 - installe [MAJ dispo]
[19:56:41][OK]    Notepad++ v8.8.9 - installe [MAJ dispo]
[19:56:41][OK]    VLC Media Player v3.0.21 - installe [MAJ dispo]
[19:56:41][OK]    Visual Studio Code v1.115.0 - installe [MAJ dispo]
[19:56:41][OK]    Microsoft Teams v26072.519.4556.7438 - installe [MAJ dispo]
[19:56:41][OK]    TeamViewer (Full) v15.76.5 - installe [MAJ dispo]
[19:56:41][OK]    Microsoft Visual C++ Redistributable 2015-2022 vwinget - installe
[19:56:41][INFO]  === Scan termine ===
[19:56:49][INFO]  Console effacee.
[21:31:42][INFO]  AppInstaller demarre.
[21:31:46][INFO]  === Scan demarre ===
[21:31:46][INFO]  Recuperation de la liste winget...
[21:31:51][OK]    Google Chrome v147.0.7727.56 - installe [MAJ dispo]
[21:31:51][OK]    Mozilla Firefox v148.0.2 - installe [MAJ dispo]
[21:31:51][OK]    Microsoft Edge v146.0.3856.109 - installe [MAJ dispo]
[21:31:51][OK]    Microsoft 365 Apps for enterprise vwinget - installe
[21:31:51][OK]    7-Zip v26.00 - installe [MAJ dispo]
[21:31:51][OK]    Notepad++ v8.8.9 - installe [MAJ dispo]
[21:31:51][OK]    VLC Media Player v3.0.21 - installe [MAJ dispo]
[21:31:51][OK]    Visual Studio Code v1.115.0 - installe [MAJ dispo]
[21:31:51][OK]    Microsoft Teams v26072.519.4556.7438 - installe [MAJ dispo]
[21:31:51][OK]    TeamViewer (Full) v15.76.5 - installe [MAJ dispo]
[21:31:51][OK]    Microsoft Visual C++ Redistributable 2015-2022 vwinget - installe
[21:31:53][INFO]  === Scan termine ===
[21:32:24][INFO]  AppInstaller demarre.
[21:32:27][INFO]  === Scan demarre ===
[21:32:27][INFO]  Recuperation de la liste winget...
[21:32:29][OK]    Google Chrome v147.0.7727.56 - installe [MAJ dispo]
[21:32:29][OK]    Mozilla Firefox v148.0.2 - installe [MAJ dispo]
[21:32:29][OK]    Microsoft Edge v146.0.3856.109 - installe [MAJ dispo]
[21:32:29][OK]    Microsoft 365 Apps for enterprise vwinget - installe
[21:32:29][OK]    7-Zip v26.00 - installe [MAJ dispo]
[21:32:29][OK]    Notepad++ v8.8.9 - installe [MAJ dispo]
[21:32:29][OK]    VLC Media Player v3.0.21 - installe [MAJ dispo]
[21:32:29][OK]    Visual Studio Code v1.115.0 - installe [MAJ dispo]
[21:32:29][OK]    Microsoft Teams v26072.519.4556.7438 - installe [MAJ dispo]
[21:32:29][OK]    TeamViewer (Full) v15.76.5 - installe [MAJ dispo]
[21:32:29][OK]    Microsoft Visual C++ Redistributable 2015-2022 vwinget - installe
[21:32:29][INFO]  === Scan termine ===
[21:33:24][INFO]  AppInstaller demarre.
[21:33:25][INFO]  === Scan demarre ===
[21:33:25][INFO]  Recuperation de la liste winget...
[21:33:27][OK]    Google Chrome v147.0.7727.56 - installe [MAJ dispo]
[21:33:27][OK]    Mozilla Firefox v148.0.2 - installe [MAJ dispo]
[21:33:27][OK]    Microsoft Edge v146.0.3856.109 - installe [MAJ dispo]
[21:33:27][OK]    Microsoft 365 Apps for enterprise vwinget - installe
[21:33:27][OK]    7-Zip v26.00 - installe [MAJ dispo]
[21:33:27][OK]    Notepad++ v8.8.9 - installe [MAJ dispo]
[21:33:27][OK]    VLC Media Player v3.0.21 - installe [MAJ dispo]
[21:33:27][OK]    Visual Studio Code v1.115.0 - installe [MAJ dispo]
[21:33:27][OK]    Microsoft Teams v26072.519.4556.7438 - installe [MAJ dispo]
[21:33:27][OK]    TeamViewer (Full) v15.76.5 - installe [MAJ dispo]
[21:33:27][OK]    Microsoft Visual C++ Redistributable 2015-2022 vwinget - installe
[21:33:28][INFO]  === Scan termine ===
[21:34:41][INFO]  AppInstaller demarre.
[21:34:43][INFO]  === Scan demarre ===
[21:34:44][INFO]  Recuperation de la liste winget...
[21:34:45][OK]    Google Chrome v147.0.7727.56 - installe [MAJ dispo]
[21:34:45][OK]    Mozilla Firefox v148.0.2 - installe [MAJ dispo]
[21:34:45][OK]    Microsoft Edge v146.0.3856.109 - installe [MAJ dispo]
[21:34:45][OK]    Microsoft 365 Apps for enterprise vwinget - installe
[21:34:45][OK]    7-Zip v26.00 - installe [MAJ dispo]
[21:34:45][OK]    Notepad++ v8.8.9 - installe [MAJ dispo]
[21:34:45][OK]    VLC Media Player v3.0.21 - installe [MAJ dispo]
[21:34:46][OK]    Visual Studio Code v1.115.0 - installe [MAJ dispo]
[21:34:46][OK]    Microsoft Teams v26072.519.4556.7438 - installe [MAJ dispo]
[21:34:46][OK]    TeamViewer (Full) v15.76.5 - installe [MAJ dispo]
[21:34:46][OK]    Microsoft Visual C++ Redistributable 2015-2022 vwinget - installe
[21:34:46][INFO]  === Scan termine ===
[21:34:58][INFO]  Desinstallation de 7-Zip...
[21:34:59][INFO]     - 
[21:34:59][INFO]     - 
[21:34:59][INFO]     \ 
[21:35:00][INFO]  Found 7-Zip 26.00 (x64) [7zip.7zip]
[21:35:00][INFO]  Starting package uninstall...
[21:35:00][INFO]     - 
[21:35:00][INFO]     \ 
[21:35:00][INFO]     | 
[21:35:01][INFO]     / 
[21:35:01][INFO]     - 
[21:35:01][INFO]     \ 
[21:35:01][INFO]  Successfully uninstalled
[21:35:01][OK]    7-Zip desinstalle.
[21:35:01][INFO]  === Scan demarre ===
[21:35:01][INFO]  Recuperation de la liste winget...
[21:35:03][OK]    Google Chrome v147.0.7727.56 - installe [MAJ dispo]
[21:35:03][OK]    Mozilla Firefox v148.0.2 - installe [MAJ dispo]
[21:35:03][OK]    Microsoft Edge v146.0.3856.109 - installe [MAJ dispo]
[21:35:03][OK]    Microsoft 365 Apps for enterprise vwinget - installe
[21:35:03][OK]    Notepad++ v8.8.9 - installe [MAJ dispo]
[21:35:03][OK]    VLC Media Player v3.0.21 - installe [MAJ dispo]
[21:35:03][OK]    Visual Studio Code v1.115.0 - installe [MAJ dispo]
[21:35:03][OK]    Microsoft Teams v26072.519.4556.7438 - installe [MAJ dispo]
[21:35:03][OK]    TeamViewer (Full) v15.76.5 - installe [MAJ dispo]
[21:35:03][OK]    Microsoft Visual C++ Redistributable 2015-2022 vwinget - installe
[21:35:03][INFO]  === Scan termine ===
[21:35:20][INFO]  === Debut installation (1 logiciels) ===
[21:35:20][INFO]  [1/1] Installation de 7-Zip...
[21:35:20][INFO]     - 
[21:35:20][INFO]     - 
[21:35:21][INFO]     \ 
[21:35:21][INFO]  Found 7-Zip [7zip.7zip] Version 26.00
[21:35:21][INFO]  This application is licensed to you by its owner.
[21:35:21][INFO]  Microsoft is not responsible for, nor does it grant any licenses to, third-party packages.
[21:35:21][INFO]  Downloading https://7-zip.org/a/7z2600-x64.exe
[21:35:21][INFO]     - 
[21:35:22][INFO]     \ 
[21:35:22][INFO]     | 
[21:35:22][INFO]     / 
[21:35:22][INFO]     - 
[21:35:23][INFO]     \ 
[21:35:23][INFO]     | 
[21:35:23][INFO]    ██████████▒▒▒▒▒▒▒▒▒▒▒▒▒▒▒▒▒▒▒▒   592 KB / 1.57 MB
[21:35:23][INFO]    ██████████████████████████████  1.57 MB / 1.57 MB
[21:35:23][INFO]  Successfully verified installer hash
[21:35:23][INFO]  Starting package install...
[21:35:23][INFO]  The installer will request to run as administrator. Expect a prompt.
[21:35:24][INFO]     - 
[21:35:24][INFO]     \ 
[21:35:24][INFO]     | 
[21:35:25][INFO]     / 
[21:35:25][INFO]     - 
[21:35:25][INFO]     \ 
[21:35:25][INFO]     | 
[21:35:25][INFO]  Successfully installed
[21:35:26][OK]    7-Zip installe avec succes.
[21:35:26][INFO]  === Installation terminee ===
[21:35:26][INFO]  === Scan demarre ===
[21:35:26][INFO]  Recuperation de la liste winget...
[21:35:28][OK]    Google Chrome v147.0.7727.56 - installe [MAJ dispo]
[21:35:28][OK]    Mozilla Firefox v148.0.2 - installe [MAJ dispo]
[21:35:28][OK]    Microsoft Edge v146.0.3856.109 - installe [MAJ dispo]
[21:35:28][OK]    Microsoft 365 Apps for enterprise vwinget - installe
[21:35:28][OK]    7-Zip v26.00 - installe [MAJ dispo]
[21:35:28][OK]    Notepad++ v8.8.9 - installe [MAJ dispo]
[21:35:28][OK]    VLC Media Player v3.0.21 - installe [MAJ dispo]
[21:35:28][OK]    Visual Studio Code v1.115.0 - installe [MAJ dispo]
[21:35:28][OK]    Microsoft Teams v26072.519.4556.7438 - installe [MAJ dispo]
[21:35:28][OK]    TeamViewer (Full) v15.76.5 - installe [MAJ dispo]
[21:35:28][OK]    Microsoft Visual C++ Redistributable 2015-2022 vwinget - installe
[21:35:28][INFO]  === Scan termine ===
[21:35:34][INFO]  Mise a jour de 7-Zip...
[21:35:35][INFO]     - 
[21:35:35][INFO]     - 
[21:35:35][INFO]     \ 
[21:35:35][INFO]  No available upgrade found.
[21:35:35][INFO]  No newer package versions are available from the configured sources.
[21:35:35][WARN]  7-Zip : echec mise a jour (code -1978335189)
[21:35:35][INFO]  === Scan demarre ===
[21:35:35][INFO]  Recuperation de la liste winget...
[21:35:37][OK]    Google Chrome v147.0.7727.56 - installe [MAJ dispo]
[21:35:37][OK]    Mozilla Firefox v148.0.2 - installe [MAJ dispo]
[21:35:37][OK]    Microsoft Edge v146.0.3856.109 - installe [MAJ dispo]
[21:35:37][OK]    Microsoft 365 Apps for enterprise vwinget - installe
[21:35:37][OK]    7-Zip v26.00 - installe [MAJ dispo]
[21:35:37][OK]    Notepad++ v8.8.9 - installe [MAJ dispo]
[21:35:37][OK]    VLC Media Player v3.0.21 - installe [MAJ dispo]
[21:35:37][OK]    Visual Studio Code v1.115.0 - installe [MAJ dispo]
[21:35:37][OK]    Microsoft Teams v26072.519.4556.7438 - installe [MAJ dispo]
[21:35:37][OK]    TeamViewer (Full) v15.76.5 - installe [MAJ dispo]
[21:35:37][OK]    Microsoft Visual C++ Redistributable 2015-2022 vwinget - installe
[21:35:37][INFO]  === Scan termine ===
[21:35:53][INFO]  Mise a jour de Notepad++...
[21:35:53][INFO]     - 
[21:35:54][INFO]     - 
[21:35:54][INFO]     \ 
[21:35:54][INFO]  Found Notepad++ [Notepad++.Notepad++] Version 8.9.3
[21:35:54][INFO]  This application is licensed to you by its owner.
[21:35:54][INFO]  Microsoft is not responsible for, nor does it grant any licenses to, third-party packages.
[21:35:54][INFO]  Downloading https://github.com/notepad-plus-plus/notepad-plus-plus/releases/download/v8.9.3/npp.8.9.3.Installer.x64.exe
[21:35:55][INFO]     - 
[21:35:55][INFO]     \ 
[21:35:55][INFO]     | 
[21:35:57][INFO]     / 
[21:35:57][INFO]    ██████████████████████████████  6.55 MB / 6.55 MB
[21:35:57][INFO]    ██████████████████████████████  6.55 MB / 6.55 MB
[21:35:57][INFO]  Successfully verified installer hash
[21:35:57][INFO]  Starting package install...
[21:35:57][INFO]  The installer will request to run as administrator. Expect a prompt.
[21:35:57][INFO]     - 
[21:35:57][INFO]     \ 
[21:35:58][INFO]     | 
[21:35:58][INFO]     / 
[21:35:58][INFO]     - 
[21:35:59][INFO]     \ 
[21:35:59][INFO]     | 
[21:35:59][INFO]     / 
[21:35:59][INFO]     - 
[21:36:00][INFO]     \ 
[21:36:00][INFO]     | 
[21:36:00][INFO]     / 
[21:36:00][INFO]     - 
[21:36:01][INFO]     \ 
[21:36:01][INFO]     | 
[21:36:01][INFO]     / 
[21:36:01][INFO]     - 
[21:36:02][INFO]     \ 
[21:36:02][INFO]     | 
[21:36:02][INFO]     / 
[21:36:02][INFO]     - 
[21:36:03][INFO]     \ 
[21:36:03][INFO]     | 
[21:36:03][INFO]  Successfully installed
[21:36:03][OK]    Notepad++ mis a jour.
[21:36:03][INFO]  === Scan demarre ===
[21:36:03][INFO]  Recuperation de la liste winget...
[21:36:05][OK]    Google Chrome v147.0.7727.56 - installe [MAJ dispo]
[21:36:05][OK]    Mozilla Firefox v148.0.2 - installe [MAJ dispo]
[21:36:05][OK]    Microsoft Edge v146.0.3856.109 - installe [MAJ dispo]
[21:36:05][OK]    Microsoft 365 Apps for enterprise vwinget - installe
[21:36:05][OK]    7-Zip v26.00 - installe [MAJ dispo]
[21:36:06][OK]    Notepad++ v8.9.3 - installe [MAJ dispo]
[21:36:06][OK]    VLC Media Player v3.0.21 - installe [MAJ dispo]
[21:36:06][OK]    Visual Studio Code v1.115.0 - installe [MAJ dispo]
[21:36:06][OK]    Microsoft Teams v26072.519.4556.7438 - installe [MAJ dispo]
[21:36:06][OK]    TeamViewer (Full) v15.76.5 - installe [MAJ dispo]
[21:36:06][OK]    Microsoft Visual C++ Redistributable 2015-2022 vwinget - installe
[21:36:06][INFO]  === Scan termine ===
[21:36:46][INFO]  Console effacee.
[21:57:15][INFO]  AppInstaller demarre.
[21:57:22][INFO]  === Scan demarre ===
[21:57:22][INFO]  Recuperation de la liste winget...
[21:57:25][OK]    Google Chrome v147.0.7727.56 - installe [MAJ dispo]
[21:57:25][OK]    Mozilla Firefox v148.0.2 - installe [MAJ dispo]
[21:57:25][OK]    Microsoft Edge v146.0.3856.109 - installe [MAJ dispo]
[21:57:25][OK]    Microsoft 365 Apps for enterprise vwinget - installe
[21:57:25][OK]    7-Zip v26.00 - installe [MAJ dispo]
[21:57:25][OK]    Notepad++ v8.9.3 - installe [MAJ dispo]
[21:57:25][OK]    VLC Media Player v3.0.21 - installe [MAJ dispo]
[21:57:25][OK]    Visual Studio Code v1.115.0 - installe [MAJ dispo]
[21:57:25][OK]    Microsoft Teams v26072.519.4556.7438 - installe [MAJ dispo]
[21:57:25][OK]    TeamViewer (Full) v15.76.5 - installe [MAJ dispo]
[21:57:25][OK]    Microsoft Visual C++ Redistributable 2015-2022 vwinget - installe
[21:57:25][INFO]  === Scan termine ===
[22:02:53][INFO]  AppInstaller demarre.
[22:02:57][INFO]  === Scan demarre ===
[22:02:57][INFO]  Recuperation de la liste winget...
[22:03:00][OK]    Google Chrome v147.0.7727.56 - installe [MAJ dispo]
[22:03:00][OK]    Mozilla Firefox v148.0.2 - installe [MAJ dispo]
[22:03:00][OK]    Microsoft Edge v146.0.3856.109 - installe [MAJ dispo]
[22:03:00][OK]    Microsoft 365 Apps for enterprise vwinget - installe
[22:03:00][OK]    7-Zip v26.00 - installe [MAJ dispo]
[22:03:00][OK]    Notepad++ v8.9.3 - installe [MAJ dispo]
[22:03:00][OK]    VLC Media Player v3.0.21 - installe [MAJ dispo]
[22:03:00][OK]    Visual Studio Code v1.115.0 - installe [MAJ dispo]
[22:03:00][OK]    Microsoft Teams v26072.519.4556.7438 - installe [MAJ dispo]
[22:03:00][OK]    TeamViewer (Full) v15.76.5 - installe [MAJ dispo]
[22:03:00][OK]    Microsoft Visual C++ Redistributable 2015-2022 vwinget - installe
[22:03:00][INFO]  === Scan termine ===
